<?xml version="1.0" encoding="UTF-8"?>
<robot generator="Robot 6.0.2 (Python 3.10.5 on win32)" generated="20230531 19:14:29.070" rpa="false" schemaversion="3">
<suite id="s1" name="UI" source="C:\pythonProject_Study\suits\UI.robot">
<test id="s1-t1" name="Verify Ui Login" line="5">
<kw name="Nb Ui Login" library="nb_ui_keywords">
<arg>${LOGIN_URL}</arg>
<arg>${NB_USER_NAME}</arg>
<arg>${NB_MASTER_PASSWORD}</arg>
<doc>Verify UI login</doc>
<kw name="Login To Nbui" library="utils">
<arg>${URL}</arg>
<arg>${USER_NAME}</arg>
<arg>${PASSWORD}</arg>
<msg timestamp="20230531 19:14:29.744" level="INFO">Applicable driver not found; attempting to install with Selenium Manager (Beta)</msg>
<msg timestamp="20230531 19:14:38.856" level="INFO">login successful</msg>
<status status="PASS" starttime="20230531 19:14:29.717" endtime="20230531 19:14:38.856"/>
</kw>
<status status="PASS" starttime="20230531 19:14:29.717" endtime="20230531 19:14:38.857"/>
</kw>
<status status="PASS" starttime="20230531 19:14:29.716" endtime="20230531 19:14:38.863"/>
</test>
<test id="s1-t2" name="Verify Vmware Workload added" line="8">
<kw name="Add Vmware Workload" library="nb_ui_keywords">
<arg>${VCENTER_HOSTNAME}</arg>
<arg>${VCENTER_PORT}</arg>
<doc>add vmware workload</doc>
<kw name="Add Vmware Workload" library="nb_ui_keywords">
<arg>${VCENTER}</arg>
<arg>${PORT}</arg>
<doc>add vmware workload</doc>
<kw name="Add Vmware Workload" library="nb_ui_keywords">
<arg>${VCENTER}</arg>
<arg>${PORT}</arg>
<doc>add vmware workload</doc>
<kw name="Add Vmware Workload" library="nb_ui_keywords">
<arg>${VCENTER}</arg>
<arg>${PORT}</arg>
<doc>add vmware workload</doc>
<kw name="Add Vmware Workload" library="nb_ui_keywords">
<arg>${VCENTER}</arg>
<arg>${PORT}</arg>
<doc>add vmware workload</doc>
<kw name="Add Vmware Workload" library="nb_ui_keywords">
<arg>${VCENTER}</arg>
<arg>${PORT}</arg>
<doc>add vmware workload</doc>
<kw name="Add Vmware Workload" library="nb_ui_keywords">
<arg>${VCENTER}</arg>
<arg>${PORT}</arg>
<doc>add vmware workload</doc>
<kw name="Add Vmware Workload" library="nb_ui_keywords">
<arg>${VCENTER}</arg>
<arg>${PORT}</arg>
<doc>add vmware workload</doc>
<kw name="Add Vmware Workload" library="nb_ui_keywords">
<arg>${VCENTER}</arg>
<arg>${PORT}</arg>
<doc>add vmware workload</doc>
<kw name="Add Vmware Workload" library="nb_ui_keywords">
<arg>${VCENTER}</arg>
<arg>${PORT}</arg>
<doc>add vmware workload</doc>
<kw name="Add Vmware Workload" library="nb_ui_keywords">
<arg>${VCENTER}</arg>
<arg>${PORT}</arg>
<doc>add vmware workload</doc>
<kw name="Add Vmware Workload" library="nb_ui_keywords">
<arg>${VCENTER}</arg>
<arg>${PORT}</arg>
<doc>add vmware workload</doc>
<kw name="Add Vmware Workload" library="nb_ui_keywords">
<arg>${VCENTER}</arg>
<arg>${PORT}</arg>
<doc>add vmware workload</doc>
<kw name="Add Vmware Workload" library="nb_ui_keywords">
<arg>${VCENTER}</arg>
<arg>${PORT}</arg>
<doc>add vmware workload</doc>
<kw name="Add Vmware Workload" library="nb_ui_keywords">
<arg>${VCENTER}</arg>
<arg>${PORT}</arg>
<doc>add vmware workload</doc>
<kw name="Add Vmware Workload" library="nb_ui_keywords">
<arg>${VCENTER}</arg>
<arg>${PORT}</arg>
<doc>add vmware workload</doc>
<kw name="Add Vmware Workload" library="nb_ui_keywords">
<arg>${VCENTER}</arg>
<arg>${PORT}</arg>
<doc>add vmware workload</doc>
<kw name="Add Vmware Workload" library="nb_ui_keywords">
<arg>${VCENTER}</arg>
<arg>${PORT}</arg>
<doc>add vmware workload</doc>
<kw name="Add Vmware Workload" library="nb_ui_keywords">
<arg>${VCENTER}</arg>
<arg>${PORT}</arg>
<doc>add vmware workload</doc>
<kw name="Add Vmware Workload" library="nb_ui_keywords">
<arg>${VCENTER}</arg>
<arg>${PORT}</arg>
<doc>add vmware workload</doc>
<kw name="Add Vmware Workload" library="nb_ui_keywords">
<arg>${VCENTER}</arg>
<arg>${PORT}</arg>
<doc>add vmware workload</doc>
<kw name="Add Vmware Workload" library="nb_ui_keywords">
<arg>${VCENTER}</arg>
<arg>${PORT}</arg>
<doc>add vmware workload</doc>
<kw name="Add Vmware Workload" library="nb_ui_keywords">
<arg>${VCENTER}</arg>
<arg>${PORT}</arg>
<doc>add vmware workload</doc>
<kw name="Add Vmware Workload" library="nb_ui_keywords">
<arg>${VCENTER}</arg>
<arg>${PORT}</arg>
<doc>add vmware workload</doc>
<kw name="Add Vmware Workload" library="nb_ui_keywords">
<arg>${VCENTER}</arg>
<arg>${PORT}</arg>
<doc>add vmware workload</doc>
<kw name="Add Vmware Workload" library="nb_ui_keywords">
<arg>${VCENTER}</arg>
<arg>${PORT}</arg>
<doc>add vmware workload</doc>
<kw name="Add Vmware Workload" library="nb_ui_keywords">
<arg>${VCENTER}</arg>
<arg>${PORT}</arg>
<doc>add vmware workload</doc>
<kw name="Add Vmware Workload" library="nb_ui_keywords">
<arg>${VCENTER}</arg>
<arg>${PORT}</arg>
<doc>add vmware workload</doc>
<kw name="Add Vmware Workload" library="nb_ui_keywords">
<arg>${VCENTER}</arg>
<arg>${PORT}</arg>
<doc>add vmware workload</doc>
<kw name="Add Vmware Workload" library="nb_ui_keywords">
<arg>${VCENTER}</arg>
<arg>${PORT}</arg>
<doc>add vmware workload</doc>
<kw name="Add Vmware Workload" library="nb_ui_keywords">
<arg>${VCENTER}</arg>
<arg>${PORT}</arg>
<doc>add vmware workload</doc>
<kw name="Add Vmware Workload" library="nb_ui_keywords">
<arg>${VCENTER}</arg>
<arg>${PORT}</arg>
<doc>add vmware workload</doc>
<kw name="Add Vmware Workload" library="nb_ui_keywords">
<arg>${VCENTER}</arg>
<arg>${PORT}</arg>
<doc>add vmware workload</doc>
<kw name="Add Vmware Workload" library="nb_ui_keywords">
<arg>${VCENTER}</arg>
<arg>${PORT}</arg>
<doc>add vmware workload</doc>
<kw name="Add Vmware Workload" library="nb_ui_keywords">
<arg>${VCENTER}</arg>
<arg>${PORT}</arg>
<doc>add vmware workload</doc>
<kw name="Add Vmware Workload" library="nb_ui_keywords">
<arg>${VCENTER}</arg>
<arg>${PORT}</arg>
<doc>add vmware workload</doc>
<kw name="Add Vmware Workload" library="nb_ui_keywords">
<arg>${VCENTER}</arg>
<arg>${PORT}</arg>
<doc>add vmware workload</doc>
<kw name="Add Vmware Workload" library="nb_ui_keywords">
<arg>${VCENTER}</arg>
<arg>${PORT}</arg>
<doc>add vmware workload</doc>
<kw name="Add Vmware Workload" library="nb_ui_keywords">
<arg>${VCENTER}</arg>
<arg>${PORT}</arg>
<doc>add vmware workload</doc>
<kw name="Add Vmware Workload" library="nb_ui_keywords">
<arg>${VCENTER}</arg>
<arg>${PORT}</arg>
<doc>add vmware workload</doc>
<kw name="Add Vmware Workload" library="nb_ui_keywords">
<arg>${VCENTER}</arg>
<arg>${PORT}</arg>
<doc>add vmware workload</doc>
<kw name="Add Vmware Workload" library="nb_ui_keywords">
<arg>${VCENTER}</arg>
<arg>${PORT}</arg>
<doc>add vmware workload</doc>
<kw name="Add Vmware Workload" library="nb_ui_keywords">
<arg>${VCENTER}</arg>
<arg>${PORT}</arg>
<doc>add vmware workload</doc>
<kw name="Add Vmware Workload" library="nb_ui_keywords">
<arg>${VCENTER}</arg>
<arg>${PORT}</arg>
<doc>add vmware workload</doc>
<kw name="Add Vmware Workload" library="nb_ui_keywords">
<arg>${VCENTER}</arg>
<arg>${PORT}</arg>
<doc>add vmware workload</doc>
<kw name="Add Vmware Workload" library="nb_ui_keywords">
<arg>${VCENTER}</arg>
<arg>${PORT}</arg>
<doc>add vmware workload</doc>
<kw name="Add Vmware Workload" library="nb_ui_keywords">
<arg>${VCENTER}</arg>
<arg>${PORT}</arg>
<doc>add vmware workload</doc>
<kw name="Add Vmware Workload" library="nb_ui_keywords">
<arg>${VCENTER}</arg>
<arg>${PORT}</arg>
<doc>add vmware workload</doc>
<kw name="Add Vmware Workload" library="nb_ui_keywords">
<arg>${VCENTER}</arg>
<arg>${PORT}</arg>
<doc>add vmware workload</doc>
<kw name="Add Vmware Workload" library="nb_ui_keywords">
<arg>${VCENTER}</arg>
<arg>${PORT}</arg>
<doc>add vmware workload</doc>
<kw name="Add Vmware Workload" library="nb_ui_keywords">
<arg>${VCENTER}</arg>
<arg>${PORT}</arg>
<doc>add vmware workload</doc>
<kw name="Add Vmware Workload" library="nb_ui_keywords">
<arg>${VCENTER}</arg>
<arg>${PORT}</arg>
<doc>add vmware workload</doc>
<kw name="Add Vmware Workload" library="nb_ui_keywords">
<arg>${VCENTER}</arg>
<arg>${PORT}</arg>
<doc>add vmware workload</doc>
<kw name="Add Vmware Workload" library="nb_ui_keywords">
<arg>${VCENTER}</arg>
<arg>${PORT}</arg>
<doc>add vmware workload</doc>
<kw name="Add Vmware Workload" library="nb_ui_keywords">
<arg>${VCENTER}</arg>
<arg>${PORT}</arg>
<doc>add vmware workload</doc>
<kw name="Add Vmware Workload" library="nb_ui_keywords">
<arg>${VCENTER}</arg>
<arg>${PORT}</arg>
<doc>add vmware workload</doc>
<kw name="Add Vmware Workload" library="nb_ui_keywords">
<arg>${VCENTER}</arg>
<arg>${PORT}</arg>
<doc>add vmware workload</doc>
<kw name="Add Vmware Workload" library="nb_ui_keywords">
<arg>${VCENTER}</arg>
<arg>${PORT}</arg>
<doc>add vmware workload</doc>
<kw name="Add Vmware Workload" library="nb_ui_keywords">
<arg>${VCENTER}</arg>
<arg>${PORT}</arg>
<doc>add vmware workload</doc>
<kw name="Add Vmware Workload" library="nb_ui_keywords">
<arg>${VCENTER}</arg>
<arg>${PORT}</arg>
<doc>add vmware workload</doc>
<kw name="Add Vmware Workload" library="nb_ui_keywords">
<arg>${VCENTER}</arg>
<arg>${PORT}</arg>
<doc>add vmware workload</doc>
<kw name="Add Vmware Workload" library="nb_ui_keywords">
<arg>${VCENTER}</arg>
<arg>${PORT}</arg>
<doc>add vmware workload</doc>
<kw name="Add Vmware Workload" library="nb_ui_keywords">
<arg>${VCENTER}</arg>
<arg>${PORT}</arg>
<doc>add vmware workload</doc>
<kw name="Add Vmware Workload" library="nb_ui_keywords">
<arg>${VCENTER}</arg>
<arg>${PORT}</arg>
<doc>add vmware workload</doc>
<kw name="Add Vmware Workload" library="nb_ui_keywords">
<arg>${VCENTER}</arg>
<arg>${PORT}</arg>
<doc>add vmware workload</doc>
<kw name="Add Vmware Workload" library="nb_ui_keywords">
<arg>${VCENTER}</arg>
<arg>${PORT}</arg>
<doc>add vmware workload</doc>
<kw name="Add Vmware Workload" library="nb_ui_keywords">
<arg>${VCENTER}</arg>
<arg>${PORT}</arg>
<doc>add vmware workload</doc>
<kw name="Add Vmware Workload" library="nb_ui_keywords">
<arg>${VCENTER}</arg>
<arg>${PORT}</arg>
<doc>add vmware workload</doc>
<kw name="Add Vmware Workload" library="nb_ui_keywords">
<arg>${VCENTER}</arg>
<arg>${PORT}</arg>
<doc>add vmware workload</doc>
<kw name="Add Vmware Workload" library="nb_ui_keywords">
<arg>${VCENTER}</arg>
<arg>${PORT}</arg>
<doc>add vmware workload</doc>
<kw name="Add Vmware Workload" library="nb_ui_keywords">
<arg>${VCENTER}</arg>
<arg>${PORT}</arg>
<doc>add vmware workload</doc>
<kw name="Add Vmware Workload" library="nb_ui_keywords">
<arg>${VCENTER}</arg>
<arg>${PORT}</arg>
<doc>add vmware workload</doc>
<kw name="Add Vmware Workload" library="nb_ui_keywords">
<arg>${VCENTER}</arg>
<arg>${PORT}</arg>
<doc>add vmware workload</doc>
<kw name="Add Vmware Workload" library="nb_ui_keywords">
<arg>${VCENTER}</arg>
<arg>${PORT}</arg>
<doc>add vmware workload</doc>
<kw name="Add Vmware Workload" library="nb_ui_keywords">
<arg>${VCENTER}</arg>
<arg>${PORT}</arg>
<doc>add vmware workload</doc>
<kw name="Add Vmware Workload" library="nb_ui_keywords">
<arg>${VCENTER}</arg>
<arg>${PORT}</arg>
<doc>add vmware workload</doc>
<kw name="Add Vmware Workload" library="nb_ui_keywords">
<arg>${VCENTER}</arg>
<arg>${PORT}</arg>
<doc>add vmware workload</doc>
<kw name="Add Vmware Workload" library="nb_ui_keywords">
<arg>${VCENTER}</arg>
<arg>${PORT}</arg>
<doc>add vmware workload</doc>
<kw name="Add Vmware Workload" library="nb_ui_keywords">
<arg>${VCENTER}</arg>
<arg>${PORT}</arg>
<doc>add vmware workload</doc>
<kw name="Add Vmware Workload" library="nb_ui_keywords">
<arg>${VCENTER}</arg>
<arg>${PORT}</arg>
<doc>add vmware workload</doc>
<kw name="Add Vmware Workload" library="nb_ui_keywords">
<arg>${VCENTER}</arg>
<arg>${PORT}</arg>
<doc>add vmware workload</doc>
<kw name="Add Vmware Workload" library="nb_ui_keywords">
<arg>${VCENTER}</arg>
<arg>${PORT}</arg>
<doc>add vmware workload</doc>
<kw name="Add Vmware Workload" library="nb_ui_keywords">
<arg>${VCENTER}</arg>
<arg>${PORT}</arg>
<doc>add vmware workload</doc>
<kw name="Add Vmware Workload" library="nb_ui_keywords">
<arg>${VCENTER}</arg>
<arg>${PORT}</arg>
<doc>add vmware workload</doc>
<kw name="Add Vmware Workload" library="nb_ui_keywords">
<arg>${VCENTER}</arg>
<arg>${PORT}</arg>
<doc>add vmware workload</doc>
<kw name="Add Vmware Workload" library="nb_ui_keywords">
<arg>${VCENTER}</arg>
<arg>${PORT}</arg>
<doc>add vmware workload</doc>
<kw name="Add Vmware Workload" library="nb_ui_keywords">
<arg>${VCENTER}</arg>
<arg>${PORT}</arg>
<doc>add vmware workload</doc>
<kw name="Add Vmware Workload" library="nb_ui_keywords">
<arg>${VCENTER}</arg>
<arg>${PORT}</arg>
<doc>add vmware workload</doc>
<kw name="Add Vmware Workload" library="nb_ui_keywords">
<arg>${VCENTER}</arg>
<arg>${PORT}</arg>
<doc>add vmware workload</doc>
<kw name="Add Vmware Workload" library="nb_ui_keywords">
<arg>${VCENTER}</arg>
<arg>${PORT}</arg>
<doc>add vmware workload</doc>
<kw name="Add Vmware Workload" library="nb_ui_keywords">
<arg>${VCENTER}</arg>
<arg>${PORT}</arg>
<doc>add vmware workload</doc>
<kw name="Add Vmware Workload" library="nb_ui_keywords">
<arg>${VCENTER}</arg>
<arg>${PORT}</arg>
<doc>add vmware workload</doc>
<kw name="Add Vmware Workload" library="nb_ui_keywords">
<arg>${VCENTER}</arg>
<arg>${PORT}</arg>
<doc>add vmware workload</doc>
<kw name="Add Vmware Workload" library="nb_ui_keywords">
<arg>${VCENTER}</arg>
<arg>${PORT}</arg>
<doc>add vmware workload</doc>
<kw name="Add Vmware Workload" library="nb_ui_keywords">
<arg>${VCENTER}</arg>
<arg>${PORT}</arg>
<doc>add vmware workload</doc>
<kw name="Add Vmware Workload" library="nb_ui_keywords">
<arg>${VCENTER}</arg>
<arg>${PORT}</arg>
<doc>add vmware workload</doc>
<kw name="Add Vmware Workload" library="nb_ui_keywords">
<arg>${VCENTER}</arg>
<arg>${PORT}</arg>
<doc>add vmware workload</doc>
<kw name="Add Vmware Workload" library="nb_ui_keywords">
<arg>${VCENTER}</arg>
<arg>${PORT}</arg>
<doc>add vmware workload</doc>
<kw name="Add Vmware Workload" library="nb_ui_keywords">
<arg>${VCENTER}</arg>
<arg>${PORT}</arg>
<doc>add vmware workload</doc>
<kw name="Add Vmware Workload" library="nb_ui_keywords">
<arg>${VCENTER}</arg>
<arg>${PORT}</arg>
<doc>add vmware workload</doc>
<msg timestamp="20230531 19:14:41.238" level="FAIL">Maximum limit of started keywords and control structures exceeded.</msg>
<status status="FAIL" starttime="20230531 19:14:41.238" endtime="20230531 19:14:41.238"/>
</kw>
<status status="FAIL" starttime="20230531 19:14:41.238" endtime="20230531 19:14:41.238"/>
</kw>
<status status="FAIL" starttime="20230531 19:14:41.238" endtime="20230531 19:14:41.238"/>
</kw>
<status status="FAIL" starttime="20230531 19:14:41.238" endtime="20230531 19:14:41.254"/>
</kw>
<status status="FAIL" starttime="20230531 19:14:41.219" endtime="20230531 19:14:41.255"/>
</kw>
<status status="FAIL" starttime="20230531 19:14:41.219" endtime="20230531 19:14:41.256"/>
</kw>
<status status="FAIL" starttime="20230531 19:14:41.219" endtime="20230531 19:14:41.257"/>
</kw>
<status status="FAIL" starttime="20230531 19:14:41.219" endtime="20230531 19:14:41.257"/>
</kw>
<status status="FAIL" starttime="20230531 19:14:41.219" endtime="20230531 19:14:41.257"/>
</kw>
<status status="FAIL" starttime="20230531 19:14:41.219" endtime="20230531 19:14:41.257"/>
</kw>
<status status="FAIL" starttime="20230531 19:14:41.219" endtime="20230531 19:14:41.257"/>
</kw>
<status status="FAIL" starttime="20230531 19:14:41.218" endtime="20230531 19:14:41.257"/>
</kw>
<status status="FAIL" starttime="20230531 19:14:41.200" endtime="20230531 19:14:41.257"/>
</kw>
<status status="FAIL" starttime="20230531 19:14:41.200" endtime="20230531 19:14:41.257"/>
</kw>
<status status="FAIL" starttime="20230531 19:14:41.200" endtime="20230531 19:14:41.257"/>
</kw>
<status status="FAIL" starttime="20230531 19:14:41.200" endtime="20230531 19:14:41.257"/>
</kw>
<status status="FAIL" starttime="20230531 19:14:41.200" endtime="20230531 19:14:41.257"/>
</kw>
<status status="FAIL" starttime="20230531 19:14:41.200" endtime="20230531 19:14:41.257"/>
</kw>
<status status="FAIL" starttime="20230531 19:14:41.200" endtime="20230531 19:14:41.257"/>
</kw>
<status status="FAIL" starttime="20230531 19:14:41.200" endtime="20230531 19:14:41.257"/>
</kw>
<status status="FAIL" starttime="20230531 19:14:41.200" endtime="20230531 19:14:41.257"/>
</kw>
<status status="FAIL" starttime="20230531 19:14:41.200" endtime="20230531 19:14:41.257"/>
</kw>
<status status="FAIL" starttime="20230531 19:14:41.200" endtime="20230531 19:14:41.257"/>
</kw>
<status status="FAIL" starttime="20230531 19:14:41.200" endtime="20230531 19:14:41.257"/>
</kw>
<status status="FAIL" starttime="20230531 19:14:41.200" endtime="20230531 19:14:41.257"/>
</kw>
<status status="FAIL" starttime="20230531 19:14:41.200" endtime="20230531 19:14:41.257"/>
</kw>
<status status="FAIL" starttime="20230531 19:14:41.200" endtime="20230531 19:14:41.257"/>
</kw>
<status status="FAIL" starttime="20230531 19:14:41.199" endtime="20230531 19:14:41.257"/>
</kw>
<status status="FAIL" starttime="20230531 19:14:41.198" endtime="20230531 19:14:41.257"/>
</kw>
<status status="FAIL" starttime="20230531 19:14:41.196" endtime="20230531 19:14:41.257"/>
</kw>
<status status="FAIL" starttime="20230531 19:14:41.194" endtime="20230531 19:14:41.257"/>
</kw>
<status status="FAIL" starttime="20230531 19:14:41.179" endtime="20230531 19:14:41.257"/>
</kw>
<status status="FAIL" starttime="20230531 19:14:41.179" endtime="20230531 19:14:41.257"/>
</kw>
<status status="FAIL" starttime="20230531 19:14:41.179" endtime="20230531 19:14:41.273"/>
</kw>
<status status="FAIL" starttime="20230531 19:14:41.179" endtime="20230531 19:14:41.273"/>
</kw>
<status status="FAIL" starttime="20230531 19:14:41.179" endtime="20230531 19:14:41.274"/>
</kw>
<status status="FAIL" starttime="20230531 19:14:41.179" endtime="20230531 19:14:41.274"/>
</kw>
<status status="FAIL" starttime="20230531 19:14:41.179" endtime="20230531 19:14:41.274"/>
</kw>
<status status="FAIL" starttime="20230531 19:14:41.179" endtime="20230531 19:14:41.274"/>
</kw>
<status status="FAIL" starttime="20230531 19:14:41.179" endtime="20230531 19:14:41.274"/>
</kw>
<status status="FAIL" starttime="20230531 19:14:41.179" endtime="20230531 19:14:41.274"/>
</kw>
<status status="FAIL" starttime="20230531 19:14:41.179" endtime="20230531 19:14:41.274"/>
</kw>
<status status="FAIL" starttime="20230531 19:14:41.179" endtime="20230531 19:14:41.274"/>
</kw>
<status status="FAIL" starttime="20230531 19:14:41.179" endtime="20230531 19:14:41.274"/>
</kw>
<status status="FAIL" starttime="20230531 19:14:41.179" endtime="20230531 19:14:41.274"/>
</kw>
<status status="FAIL" starttime="20230531 19:14:41.179" endtime="20230531 19:14:41.274"/>
</kw>
<status status="FAIL" starttime="20230531 19:14:41.178" endtime="20230531 19:14:41.274"/>
</kw>
<status status="FAIL" starttime="20230531 19:14:41.174" endtime="20230531 19:14:41.274"/>
</kw>
<status status="FAIL" starttime="20230531 19:14:41.174" endtime="20230531 19:14:41.274"/>
</kw>
<status status="FAIL" starttime="20230531 19:14:41.174" endtime="20230531 19:14:41.274"/>
</kw>
<status status="FAIL" starttime="20230531 19:14:41.173" endtime="20230531 19:14:41.274"/>
</kw>
<status status="FAIL" starttime="20230531 19:14:41.172" endtime="20230531 19:14:41.274"/>
</kw>
<status status="FAIL" starttime="20230531 19:14:41.171" endtime="20230531 19:14:41.274"/>
</kw>
<status status="FAIL" starttime="20230531 19:14:41.170" endtime="20230531 19:14:41.274"/>
</kw>
<status status="FAIL" starttime="20230531 19:14:41.154" endtime="20230531 19:14:41.274"/>
</kw>
<status status="FAIL" starttime="20230531 19:14:41.154" endtime="20230531 19:14:41.274"/>
</kw>
<status status="FAIL" starttime="20230531 19:14:41.154" endtime="20230531 19:14:41.274"/>
</kw>
<status status="FAIL" starttime="20230531 19:14:41.154" endtime="20230531 19:14:41.274"/>
</kw>
<status status="FAIL" starttime="20230531 19:14:41.154" endtime="20230531 19:14:41.274"/>
</kw>
<status status="FAIL" starttime="20230531 19:14:41.154" endtime="20230531 19:14:41.274"/>
</kw>
<status status="FAIL" starttime="20230531 19:14:41.154" endtime="20230531 19:14:41.274"/>
</kw>
<status status="FAIL" starttime="20230531 19:14:41.154" endtime="20230531 19:14:41.274"/>
</kw>
<status status="FAIL" starttime="20230531 19:14:41.154" endtime="20230531 19:14:41.274"/>
</kw>
<status status="FAIL" starttime="20230531 19:14:41.154" endtime="20230531 19:14:41.274"/>
</kw>
<status status="FAIL" starttime="20230531 19:14:41.154" endtime="20230531 19:14:41.274"/>
</kw>
<status status="FAIL" starttime="20230531 19:14:41.154" endtime="20230531 19:14:41.274"/>
</kw>
<status status="FAIL" starttime="20230531 19:14:41.154" endtime="20230531 19:14:41.274"/>
</kw>
<status status="FAIL" starttime="20230531 19:14:41.154" endtime="20230531 19:14:41.274"/>
</kw>
<status status="FAIL" starttime="20230531 19:14:41.139" endtime="20230531 19:14:41.274"/>
</kw>
<status status="FAIL" starttime="20230531 19:14:41.139" endtime="20230531 19:14:41.290"/>
</kw>
<status status="FAIL" starttime="20230531 19:14:41.139" endtime="20230531 19:14:41.290"/>
</kw>
<status status="FAIL" starttime="20230531 19:14:41.139" endtime="20230531 19:14:41.291"/>
</kw>
<status status="FAIL" starttime="20230531 19:14:41.139" endtime="20230531 19:14:41.291"/>
</kw>
<status status="FAIL" starttime="20230531 19:14:41.139" endtime="20230531 19:14:41.291"/>
</kw>
<status status="FAIL" starttime="20230531 19:14:41.139" endtime="20230531 19:14:41.292"/>
</kw>
<status status="FAIL" starttime="20230531 19:14:41.139" endtime="20230531 19:14:41.292"/>
</kw>
<status status="FAIL" starttime="20230531 19:14:41.139" endtime="20230531 19:14:41.292"/>
</kw>
<status status="FAIL" starttime="20230531 19:14:41.139" endtime="20230531 19:14:41.292"/>
</kw>
<status status="FAIL" starttime="20230531 19:14:41.139" endtime="20230531 19:14:41.292"/>
</kw>
<status status="FAIL" starttime="20230531 19:14:41.139" endtime="20230531 19:14:41.292"/>
</kw>
<status status="FAIL" starttime="20230531 19:14:41.139" endtime="20230531 19:14:41.292"/>
</kw>
<status status="FAIL" starttime="20230531 19:14:41.139" endtime="20230531 19:14:41.292"/>
</kw>
<status status="FAIL" starttime="20230531 19:14:41.138" endtime="20230531 19:14:41.292"/>
</kw>
<status status="FAIL" starttime="20230531 19:14:41.137" endtime="20230531 19:14:41.292"/>
</kw>
<status status="FAIL" starttime="20230531 19:14:41.135" endtime="20230531 19:14:41.292"/>
</kw>
<status status="FAIL" starttime="20230531 19:14:41.118" endtime="20230531 19:14:41.292"/>
</kw>
<status status="FAIL" starttime="20230531 19:14:41.118" endtime="20230531 19:14:41.292"/>
</kw>
<status status="FAIL" starttime="20230531 19:14:41.118" endtime="20230531 19:14:41.292"/>
</kw>
<status status="FAIL" starttime="20230531 19:14:41.118" endtime="20230531 19:14:41.292"/>
</kw>
<status status="FAIL" starttime="20230531 19:14:41.118" endtime="20230531 19:14:41.292"/>
</kw>
<status status="FAIL" starttime="20230531 19:14:41.118" endtime="20230531 19:14:41.292"/>
</kw>
<status status="FAIL" starttime="20230531 19:14:41.118" endtime="20230531 19:14:41.292"/>
</kw>
<status status="FAIL" starttime="20230531 19:14:41.118" endtime="20230531 19:14:41.292"/>
</kw>
<status status="FAIL" starttime="20230531 19:14:41.118" endtime="20230531 19:14:41.292"/>
</kw>
<status status="FAIL" starttime="20230531 19:14:41.118" endtime="20230531 19:14:41.292"/>
</kw>
<status status="FAIL" starttime="20230531 19:14:41.118" endtime="20230531 19:14:41.292"/>
</kw>
<status status="FAIL" starttime="20230531 19:14:41.118" endtime="20230531 19:14:41.292"/>
</kw>
<status status="FAIL" starttime="20230531 19:14:41.118" endtime="20230531 19:14:41.292"/>
</kw>
<status status="FAIL" starttime="20230531 19:14:41.118" endtime="20230531 19:14:41.292"/>
</kw>
<status status="FAIL" starttime="20230531 19:14:41.115" endtime="20230531 19:14:41.292"/>
</kw>
<status status="FAIL" starttime="20230531 19:14:41.115" endtime="20230531 19:14:41.301">Maximum limit of started keywords and control structures exceeded.</status>
</test>
<status status="FAIL" starttime="20230531 19:14:29.079" endtime="20230531 19:14:41.306"/>
</suite>
<statistics>
<total>
<stat pass="1" fail="1" skip="0">All Tests</stat>
</total>
<tag>
</tag>
<suite>
<stat pass="1" fail="1" skip="0" id="s1" name="UI">UI</stat>
</suite>
</statistics>
<errors>
</errors>
</robot>
